<?xml version="1.0" encoding="UTF-8"?>
<coverage generated="1696727572942" clover="3.2.0">
  <project timestamp="1696727572942" name="All files">
    <metrics statements="124" coveredstatements="100" conditionals="26" coveredconditionals="22" methods="28" coveredmethods="28" elements="178" coveredelements="150" complexity="0" loc="124" ncloc="124" packages="1" files="5" classes="5"/>
    <file name="ConfigsDeducibles.ts" path="D:\Ericson\works\Rimac\7.-CHAPTER_LEAD\EvaluacionExpertise\buscador_talleres_rimac\src\ConfigsDeducibles.ts">
      <metrics statements="9" coveredstatements="9" conditionals="0" coveredconditionals="0" methods="0" coveredmethods="0"/>
      <line num="1" count="1" type="stmt"/>
      <line num="2" count="1" type="stmt"/>
      <line num="4" count="1" type="stmt"/>
      <line num="14" count="1" type="stmt"/>
      <line num="24" count="1" type="stmt"/>
      <line num="35" count="1" type="stmt"/>
      <line num="41" count="1" type="stmt"/>
      <line num="52" count="1" type="stmt"/>
      <line num="63" count="1" type="stmt"/>
    </file>
    <file name="Parametrizador.ts" path="D:\Ericson\works\Rimac\7.-CHAPTER_LEAD\EvaluacionExpertise\buscador_talleres_rimac\src\Parametrizador.ts">
      <metrics statements="75" coveredstatements="73" conditionals="21" coveredconditionals="18" methods="26" coveredmethods="26"/>
      <line num="4" count="1" type="stmt"/>
      <line num="11" count="10" type="stmt"/>
      <line num="12" count="10" type="stmt"/>
      <line num="16" count="60" type="stmt"/>
      <line num="20" count="10" type="stmt"/>
      <line num="21" count="10" type="stmt"/>
      <line num="22" count="10" type="stmt"/>
      <line num="23" count="10" type="stmt"/>
      <line num="24" count="10" type="stmt"/>
      <line num="25" count="10" type="cond" truecount="0" falsecount="1"/>
      <line num="26" count="0" type="stmt"/>
      <line num="28" count="10" type="cond" truecount="1" falsecount="0"/>
      <line num="29" count="8" type="stmt"/>
      <line num="31" count="10" type="stmt"/>
      <line num="32" count="10" type="stmt"/>
      <line num="36" count="60" type="stmt"/>
      <line num="37" count="60" type="stmt"/>
      <line num="41" count="48" type="stmt"/>
      <line num="42" count="37" type="stmt"/>
      <line num="46" count="10" type="stmt"/>
      <line num="47" count="23" type="stmt"/>
      <line num="48" count="138" type="stmt"/>
      <line num="50" count="23" type="stmt"/>
      <line num="55" count="138" type="stmt"/>
      <line num="56" count="138" type="stmt"/>
      <line num="60" count="138" type="stmt"/>
      <line num="61" count="138" type="stmt"/>
      <line num="62" count="138" type="cond" truecount="1" falsecount="0"/>
      <line num="63" count="13" type="stmt"/>
      <line num="64" count="13" type="stmt"/>
      <line num="66" count="125" type="stmt"/>
      <line num="67" count="125" type="cond" truecount="2" falsecount="0"/>
      <line num="68" count="91" type="stmt"/>
      <line num="69" count="91" type="cond" truecount="2" falsecount="0"/>
      <line num="71" count="34" type="stmt"/>
      <line num="73" count="125" type="cond" truecount="2" falsecount="0"/>
      <line num="74" count="86" type="stmt"/>
      <line num="76" count="39" type="stmt"/>
      <line num="78" count="125" type="stmt"/>
      <line num="82" count="52" type="stmt"/>
      <line num="86" count="97" type="stmt"/>
      <line num="87" count="217" type="stmt"/>
      <line num="88" count="181" type="stmt"/>
      <line num="92" count="217" type="stmt"/>
      <line num="93" count="217" type="stmt"/>
      <line num="94" count="217" type="stmt"/>
      <line num="95" count="217" type="stmt"/>
      <line num="96" count="217" type="stmt"/>
      <line num="97" count="217" type="stmt"/>
      <line num="98" count="217" type="stmt"/>
      <line num="102" count="86" type="cond" truecount="3" falsecount="0"/>
      <line num="103" count="84" type="stmt"/>
      <line num="105" count="2" type="stmt"/>
      <line num="109" count="2" type="stmt"/>
      <line num="110" count="2" type="stmt"/>
      <line num="111" count="2" type="stmt"/>
      <line num="115" count="84" type="stmt"/>
      <line num="116" count="84" type="cond" truecount="1" falsecount="0"/>
      <line num="117" count="36" type="stmt"/>
      <line num="119" count="84" type="cond" truecount="0" falsecount="1"/>
      <line num="120" count="0" type="stmt"/>
      <line num="122" count="84" type="stmt"/>
      <line num="123" count="84" type="cond" truecount="1" falsecount="0"/>
      <line num="124" count="55" type="stmt"/>
      <line num="126" count="84" type="cond" truecount="1" falsecount="0"/>
      <line num="127" count="46" type="stmt"/>
      <line num="129" count="38" type="cond" truecount="3" falsecount="0"/>
      <line num="130" count="6" type="cond" truecount="1" falsecount="1"/>
      <line num="132" count="32" type="stmt"/>
      <line num="136" count="46" type="stmt"/>
      <line num="140" count="10" type="stmt"/>
      <line num="141" count="23" type="stmt"/>
      <line num="142" count="23" type="stmt"/>
      <line num="143" count="138" type="stmt"/>
      <line num="145" count="23" type="stmt"/>
    </file>
    <file name="ReglasParametro.ts" path="D:\Ericson\works\Rimac\7.-CHAPTER_LEAD\EvaluacionExpertise\buscador_talleres_rimac\src\ReglasParametro.ts">
      <metrics statements="13" coveredstatements="13" conditionals="1" coveredconditionals="1" methods="1" coveredmethods="1"/>
      <line num="2" count="1" type="stmt"/>
      <line num="4" count="6" type="stmt"/>
      <line num="5" count="6" type="stmt"/>
      <line num="6" count="6" type="stmt"/>
      <line num="7" count="6" type="stmt"/>
      <line num="9" count="6" type="stmt"/>
      <line num="19" count="6" type="stmt"/>
      <line num="20" count="6" type="stmt"/>
      <line num="21" count="6" type="stmt"/>
      <line num="22" count="6" type="stmt"/>
      <line num="23" count="6" type="stmt"/>
      <line num="24" count="6" type="stmt"/>
      <line num="25" count="6" type="stmt"/>
    </file>
    <file name="TransformadorValor.ts" path="D:\Ericson\works\Rimac\7.-CHAPTER_LEAD\EvaluacionExpertise\buscador_talleres_rimac\src\TransformadorValor.ts">
      <metrics statements="5" coveredstatements="5" conditionals="4" coveredconditionals="3" methods="1" coveredmethods="1"/>
      <line num="1" count="1" type="stmt"/>
      <line num="14" count="7" type="stmt"/>
      <line num="15" count="7" type="stmt"/>
      <line num="16" count="7" type="stmt"/>
      <line num="17" count="7" type="stmt"/>
    </file>
    <file name="index.ts" path="D:\Ericson\works\Rimac\7.-CHAPTER_LEAD\EvaluacionExpertise\buscador_talleres_rimac\src\index.ts">
      <metrics statements="22" coveredstatements="0" conditionals="0" coveredconditionals="0" methods="0" coveredmethods="0"/>
      <line num="1" count="0" type="stmt"/>
      <line num="2" count="0" type="stmt"/>
      <line num="5" count="0" type="stmt"/>
      <line num="15" count="0" type="stmt"/>
      <line num="19" count="0" type="stmt"/>
      <line num="22" count="0" type="stmt"/>
      <line num="26" count="0" type="stmt"/>
      <line num="34" count="0" type="stmt"/>
      <line num="38" count="0" type="stmt"/>
      <line num="40" count="0" type="stmt"/>
      <line num="52" count="0" type="stmt"/>
      <line num="64" count="0" type="stmt"/>
      <line num="78" count="0" type="stmt"/>
      <line num="80" count="0" type="stmt"/>
      <line num="84" count="0" type="stmt"/>
      <line num="86" count="0" type="stmt"/>
      <line num="87" count="0" type="stmt"/>
      <line num="88" count="0" type="stmt"/>
      <line num="90" count="0" type="stmt"/>
      <line num="91" count="0" type="stmt"/>
      <line num="92" count="0" type="stmt"/>
      <line num="93" count="0" type="stmt"/>
    </file>
  </project>
</coverage>
