{"D:\\Ericson\\works\\Rimac\\7.-CHAPTER_LEAD\\EvaluacionExpertise\\buscador_talleres_rimac\\src\\ConfigsDeducibles.ts": {"path":"D:\\Ericson\\works\\Rimac\\7.-CHAPTER_LEAD\\EvaluacionExpertise\\buscador_talleres_rimac\\src\\ConfigsDeducibles.ts","statementMap":{"0":{"start":{"line":1,"column":0},"end":{"line":1,"column":52}},"1":{"start":{"line":2,"column":0},"end":{"line":2,"column":57}},"2":{"start":{"line":4,"column":18},"end":{"line":12,"column":null}},"3":{"start":{"line":14,"column":15},"end":{"line":22,"column":null}},"4":{"start":{"line":24,"column":15},"end":{"line":33,"column":null}},"5":{"start":{"line":35,"column":15},"end":{"line":40,"column":108}},"6":{"start":{"line":41,"column":13},"end":{"line":50,"column":null}},"7":{"start":{"line":52,"column":14},"end":{"line":60,"column":null}},"8":{"start":{"line":63,"column":13},"end":{"line":70,"column":2}}},"fnMap":{},"branchMap":{},"s":{"0":1,"1":1,"2":1,"3":1,"4":1,"5":1,"6":1,"7":1,"8":1},"f":{},"b":{}}
,"D:\\Ericson\\works\\Rimac\\7.-CHAPTER_LEAD\\EvaluacionExpertise\\buscador_talleres_rimac\\src\\Parametrizador.ts": {"path":"D:\\Ericson\\works\\Rimac\\7.-CHAPTER_LEAD\\EvaluacionExpertise\\buscador_talleres_rimac\\src\\Parametrizador.ts","statementMap":{"0":{"start":{"line":11,"column":8},"end":{"line":11,"column":49}},"1":{"start":{"line":12,"column":8},"end":{"line":12,"column":51}},"2":{"start":{"line":16,"column":8},"end":{"line":16,"column":58}},"3":{"start":{"line":16,"column":47},"end":{"line":16,"column":56}},"4":{"start":{"line":20,"column":8},"end":{"line":20,"column":37}},"5":{"start":{"line":21,"column":23},"end":{"line":21,"column":40}},"6":{"start":{"line":22,"column":8},"end":{"line":22,"column":28}},"7":{"start":{"line":23,"column":34},"end":{"line":23,"column":85}},"8":{"start":{"line":24,"column":8},"end":{"line":24,"column":41}},"9":{"start":{"line":25,"column":8},"end":{"line":27,"column":null}},"10":{"start":{"line":26,"column":12},"end":{"line":26,"column":22}},"11":{"start":{"line":28,"column":8},"end":{"line":30,"column":null}},"12":{"start":{"line":29,"column":12},"end":{"line":29,"column":98}},"13":{"start":{"line":31,"column":34},"end":{"line":31,"column":84}},"14":{"start":{"line":32,"column":8},"end":{"line":32,"column":58}},"15":{"start":{"line":36,"column":35},"end":{"line":36,"column":93}},"16":{"start":{"line":36,"column":75},"end":{"line":36,"column":92}},"17":{"start":{"line":37,"column":8},"end":{"line":37,"column":86}},"18":{"start":{"line":37,"column":40},"end":{"line":37,"column":84}},"19":{"start":{"line":41,"column":34},"end":{"line":41,"column":91}},"20":{"start":{"line":41,"column":74},"end":{"line":41,"column":90}},"21":{"start":{"line":42,"column":8},"end":{"line":42,"column":85}},"22":{"start":{"line":42,"column":40},"end":{"line":42,"column":83}},"23":{"start":{"line":46,"column":8},"end":{"line":51,"column":null}},"24":{"start":{"line":47,"column":27},"end":{"line":49,"column":14}},"25":{"start":{"line":48,"column":16},"end":{"line":48,"column":69}},"26":{"start":{"line":50,"column":12},"end":{"line":50,"column":26}},"27":{"start":{"line":55,"column":8},"end":{"line":55,"column":56}},"28":{"start":{"line":56,"column":68},"end":{"line":59,"column":null}},"29":{"start":{"line":60,"column":31},"end":{"line":60,"column":56}},"30":{"start":{"line":61,"column":27},"end":{"line":61,"column":100}},"31":{"start":{"line":62,"column":8},"end":{"line":65,"column":null}},"32":{"start":{"line":63,"column":12},"end":{"line":63,"column":83}},"33":{"start":{"line":64,"column":12},"end":{"line":64,"column":26}},"34":{"start":{"line":66,"column":29},"end":{"line":66,"column":42}},"35":{"start":{"line":67,"column":8},"end":{"line":72,"column":null}},"36":{"start":{"line":68,"column":40},"end":{"line":68,"column":95}},"37":{"start":{"line":69,"column":12},"end":{"line":69,"column":85}},"38":{"start":{"line":71,"column":12},"end":{"line":71,"column":102}},"39":{"start":{"line":73,"column":8},"end":{"line":77,"column":null}},"40":{"start":{"line":74,"column":12},"end":{"line":74,"column":115}},"41":{"start":{"line":76,"column":12},"end":{"line":76,"column":83}},"42":{"start":{"line":78,"column":8},"end":{"line":78,"column":22}},"43":{"start":{"line":82,"column":8},"end":{"line":82,"column":44}},"44":{"start":{"line":86,"column":8},"end":{"line":86,"column":42}},"45":{"start":{"line":87,"column":24},"end":{"line":87,"column":113}},"46":{"start":{"line":87,"column":58},"end":{"line":87,"column":112}},"47":{"start":{"line":88,"column":8},"end":{"line":88,"column":47}},"48":{"start":{"line":88,"column":40},"end":{"line":88,"column":45}},"49":{"start":{"line":92,"column":8},"end":{"line":92,"column":50}},"50":{"start":{"line":93,"column":8},"end":{"line":93,"column":27}},"51":{"start":{"line":94,"column":8},"end":{"line":94,"column":36}},"52":{"start":{"line":95,"column":20},"end":{"line":95,"column":46}},"53":{"start":{"line":96,"column":23},"end":{"line":96,"column":58}},"54":{"start":{"line":97,"column":8},"end":{"line":97,"column":28}},"55":{"start":{"line":98,"column":8},"end":{"line":98,"column":22}},"56":{"start":{"line":102,"column":8},"end":{"line":104,"column":null}},"57":{"start":{"line":103,"column":12},"end":{"line":103,"column":77}},"58":{"start":{"line":105,"column":8},"end":{"line":105,"column":84}},"59":{"start":{"line":109,"column":20},"end":{"line":109,"column":49}},"60":{"start":{"line":110,"column":30},"end":{"line":110,"column":78}},"61":{"start":{"line":111,"column":8},"end":{"line":111,"column":29}},"62":{"start":{"line":115,"column":55},"end":{"line":115,"column":73}},"63":{"start":{"line":116,"column":8},"end":{"line":118,"column":null}},"64":{"start":{"line":117,"column":12},"end":{"line":117,"column":121}},"65":{"start":{"line":117,"column":79},"end":{"line":117,"column":119}},"66":{"start":{"line":119,"column":8},"end":{"line":121,"column":null}},"67":{"start":{"line":120,"column":12},"end":{"line":120,"column":25}},"68":{"start":{"line":122,"column":32},"end":{"line":122,"column":37}},"69":{"start":{"line":123,"column":8},"end":{"line":125,"column":null}},"70":{"start":{"line":124,"column":12},"end":{"line":124,"column":98}},"71":{"start":{"line":126,"column":8},"end":{"line":128,"column":null}},"72":{"start":{"line":127,"column":12},"end":{"line":127,"column":null}},"73":{"start":{"line":129,"column":8},"end":{"line":131,"column":null}},"74":{"start":{"line":130,"column":12},"end":{"line":130,"column":122}},"75":{"start":{"line":132,"column":8},"end":{"line":132,"column":33}},"76":{"start":{"line":136,"column":8},"end":{"line":136,"column":33}},"77":{"start":{"line":140,"column":8},"end":{"line":146,"column":11}},"78":{"start":{"line":141,"column":32},"end":{"line":141,"column":34}},"79":{"start":{"line":142,"column":12},"end":{"line":144,"column":null}},"80":{"start":{"line":143,"column":16},"end":{"line":143,"column":null}},"81":{"start":{"line":145,"column":12},"end":{"line":145,"column":26}},"82":{"start":{"line":4,"column":0},"end":{"line":4,"column":13}}},"fnMap":{"0":{"name":"(anonymous_0)","decl":{"start":{"line":10,"column":4},"end":{"line":10,"column":16}},"loc":{"start":{"line":10,"column":51},"end":{"line":13,"column":5}}},"1":{"name":"(anonymous_1)","decl":{"start":{"line":15,"column":4},"end":{"line":15,"column":21}},"loc":{"start":{"line":15,"column":21},"end":{"line":17,"column":5}}},"2":{"name":"(anonymous_2)","decl":{"start":{"line":16,"column":41},"end":{"line":16,"column":43}},"loc":{"start":{"line":16,"column":47},"end":{"line":16,"column":56}}},"3":{"name":"(anonymous_3)","decl":{"start":{"line":19,"column":4},"end":{"line":19,"column":11}},"loc":{"start":{"line":19,"column":25},"end":{"line":33,"column":5}}},"4":{"name":"(anonymous_4)","decl":{"start":{"line":35,"column":4},"end":{"line":35,"column":42}},"loc":{"start":{"line":35,"column":59},"end":{"line":38,"column":5}}},"5":{"name":"(anonymous_5)","decl":{"start":{"line":36,"column":64},"end":{"line":36,"column":65}},"loc":{"start":{"line":36,"column":75},"end":{"line":36,"column":92}}},"6":{"name":"(anonymous_6)","decl":{"start":{"line":37,"column":29},"end":{"line":37,"column":30}},"loc":{"start":{"line":37,"column":40},"end":{"line":37,"column":84}}},"7":{"name":"(anonymous_7)","decl":{"start":{"line":40,"column":4},"end":{"line":40,"column":41}},"loc":{"start":{"line":40,"column":58},"end":{"line":43,"column":5}}},"8":{"name":"(anonymous_8)","decl":{"start":{"line":41,"column":63},"end":{"line":41,"column":64}},"loc":{"start":{"line":41,"column":74},"end":{"line":41,"column":90}}},"9":{"name":"(anonymous_9)","decl":{"start":{"line":42,"column":29},"end":{"line":42,"column":30}},"loc":{"start":{"line":42,"column":40},"end":{"line":42,"column":83}}},"10":{"name":"(anonymous_10)","decl":{"start":{"line":45,"column":4},"end":{"line":45,"column":28}},"loc":{"start":{"line":45,"column":45},"end":{"line":52,"column":5}}},"11":{"name":"(anonymous_11)","decl":{"start":{"line":46,"column":26},"end":{"line":46,"column":27}},"loc":{"start":{"line":46,"column":36},"end":{"line":51,"column":9}}},"12":{"name":"(anonymous_12)","decl":{"start":{"line":47,"column":53},"end":{"line":47,"column":54}},"loc":{"start":{"line":47,"column":63},"end":{"line":49,"column":13}}},"13":{"name":"(anonymous_13)","decl":{"start":{"line":54,"column":4},"end":{"line":54,"column":30}},"loc":{"start":{"line":54,"column":68},"end":{"line":79,"column":5}}},"14":{"name":"(anonymous_14)","decl":{"start":{"line":81,"column":4},"end":{"line":81,"column":40}},"loc":{"start":{"line":81,"column":55},"end":{"line":83,"column":5}}},"15":{"name":"(anonymous_15)","decl":{"start":{"line":85,"column":4},"end":{"line":85,"column":16}},"loc":{"start":{"line":85,"column":69},"end":{"line":89,"column":5}}},"16":{"name":"(anonymous_16)","decl":{"start":{"line":87,"column":47},"end":{"line":87,"column":48}},"loc":{"start":{"line":87,"column":58},"end":{"line":87,"column":112}}},"17":{"name":"(anonymous_17)","decl":{"start":{"line":88,"column":29},"end":{"line":88,"column":30}},"loc":{"start":{"line":88,"column":40},"end":{"line":88,"column":45}}},"18":{"name":"(anonymous_18)","decl":{"start":{"line":91,"column":4},"end":{"line":91,"column":24}},"loc":{"start":{"line":91,"column":62},"end":{"line":99,"column":5}}},"19":{"name":"(anonymous_19)","decl":{"start":{"line":101,"column":4},"end":{"line":101,"column":20}},"loc":{"start":{"line":101,"column":126},"end":{"line":106,"column":5}}},"20":{"name":"(anonymous_20)","decl":{"start":{"line":108,"column":4},"end":{"line":108,"column":29}},"loc":{"start":{"line":108,"column":90},"end":{"line":112,"column":5}}},"21":{"name":"(anonymous_21)","decl":{"start":{"line":114,"column":4},"end":{"line":114,"column":32}},"loc":{"start":{"line":114,"column":84},"end":{"line":133,"column":5}}},"22":{"name":"(anonymous_22)","decl":{"start":{"line":117,"column":45},"end":{"line":117,"column":46}},"loc":{"start":{"line":117,"column":79},"end":{"line":117,"column":119}}},"23":{"name":"(anonymous_23)","decl":{"start":{"line":135,"column":4},"end":{"line":135,"column":22}},"loc":{"start":{"line":135,"column":36},"end":{"line":137,"column":5}}},"24":{"name":"(anonymous_24)","decl":{"start":{"line":139,"column":4},"end":{"line":139,"column":22}},"loc":{"start":{"line":139,"column":86},"end":{"line":147,"column":5}}},"25":{"name":"(anonymous_25)","decl":{"start":{"line":140,"column":37},"end":{"line":140,"column":38}},"loc":{"start":{"line":140,"column":46},"end":{"line":146,"column":9}}}},"branchMap":{"0":{"loc":{"start":{"line":25,"column":8},"end":{"line":27,"column":null}},"type":"if","locations":[{"start":{"line":25,"column":8},"end":{"line":27,"column":null}}]},"1":{"loc":{"start":{"line":28,"column":8},"end":{"line":30,"column":null}},"type":"if","locations":[{"start":{"line":28,"column":8},"end":{"line":30,"column":null}}]},"2":{"loc":{"start":{"line":62,"column":8},"end":{"line":65,"column":null}},"type":"if","locations":[{"start":{"line":62,"column":8},"end":{"line":65,"column":null}}]},"3":{"loc":{"start":{"line":67,"column":8},"end":{"line":72,"column":null}},"type":"if","locations":[{"start":{"line":67,"column":8},"end":{"line":72,"column":null}},{"start":{"line":70,"column":15},"end":{"line":72,"column":null}}]},"4":{"loc":{"start":{"line":69,"column":27},"end":{"line":69,"column":84}},"type":"cond-expr","locations":[{"start":{"line":69,"column":57},"end":{"line":69,"column":59}},{"start":{"line":69,"column":62},"end":{"line":69,"column":84}}]},"5":{"loc":{"start":{"line":73,"column":8},"end":{"line":77,"column":null}},"type":"if","locations":[{"start":{"line":73,"column":8},"end":{"line":77,"column":null}},{"start":{"line":75,"column":15},"end":{"line":77,"column":null}}]},"6":{"loc":{"start":{"line":102,"column":8},"end":{"line":104,"column":null}},"type":"if","locations":[{"start":{"line":102,"column":8},"end":{"line":104,"column":null}}]},"7":{"loc":{"start":{"line":102,"column":12},"end":{"line":102,"column":66}},"type":"binary-expr","locations":[{"start":{"line":102,"column":12},"end":{"line":102,"column":36}},{"start":{"line":102,"column":40},"end":{"line":102,"column":66}}]},"8":{"loc":{"start":{"line":116,"column":8},"end":{"line":118,"column":null}},"type":"if","locations":[{"start":{"line":116,"column":8},"end":{"line":118,"column":null}}]},"9":{"loc":{"start":{"line":119,"column":8},"end":{"line":121,"column":null}},"type":"if","locations":[{"start":{"line":119,"column":8},"end":{"line":121,"column":null}}]},"10":{"loc":{"start":{"line":123,"column":8},"end":{"line":125,"column":null}},"type":"if","locations":[{"start":{"line":123,"column":8},"end":{"line":125,"column":null}}]},"11":{"loc":{"start":{"line":126,"column":8},"end":{"line":128,"column":null}},"type":"if","locations":[{"start":{"line":126,"column":8},"end":{"line":128,"column":null}}]},"12":{"loc":{"start":{"line":129,"column":8},"end":{"line":131,"column":null}},"type":"if","locations":[{"start":{"line":129,"column":8},"end":{"line":131,"column":null}}]},"13":{"loc":{"start":{"line":129,"column":12},"end":{"line":129,"column":75}},"type":"binary-expr","locations":[{"start":{"line":129,"column":12},"end":{"line":129,"column":39}},{"start":{"line":129,"column":43},"end":{"line":129,"column":75}}]},"14":{"loc":{"start":{"line":130,"column":19},"end":{"line":130,"column":121}},"type":"cond-expr","locations":[{"start":{"line":130,"column":50},"end":{"line":130,"column":87}},{"start":{"line":130,"column":90},"end":{"line":130,"column":121}}]}},"s":{"0":10,"1":10,"2":10,"3":60,"4":10,"5":10,"6":10,"7":10,"8":10,"9":10,"10":0,"11":10,"12":8,"13":10,"14":10,"15":10,"16":60,"17":10,"18":60,"19":8,"20":48,"21":8,"22":37,"23":10,"24":23,"25":138,"26":23,"27":138,"28":138,"29":138,"30":138,"31":138,"32":13,"33":13,"34":125,"35":125,"36":91,"37":91,"38":34,"39":125,"40":86,"41":39,"42":125,"43":52,"44":97,"45":97,"46":217,"47":97,"48":181,"49":217,"50":217,"51":217,"52":217,"53":217,"54":217,"55":217,"56":86,"57":84,"58":2,"59":2,"60":2,"61":2,"62":84,"63":84,"64":32,"65":36,"66":84,"67":0,"68":84,"69":84,"70":55,"71":84,"72":46,"73":38,"74":6,"75":32,"76":46,"77":10,"78":23,"79":23,"80":138,"81":23,"82":1},"f":{"0":10,"1":10,"2":60,"3":10,"4":10,"5":60,"6":60,"7":8,"8":48,"9":37,"10":10,"11":23,"12":138,"13":138,"14":52,"15":97,"16":217,"17":181,"18":217,"19":86,"20":2,"21":84,"22":36,"23":46,"24":10,"25":23},"b":{"0":[0],"1":[8],"2":[13],"3":[91,34],"4":[13,78],"5":[86,39],"6":[84],"7":[86,84],"8":[32],"9":[0],"10":[55],"11":[46],"12":[6],"13":[38,38],"14":[0,6]}}
,"D:\\Ericson\\works\\Rimac\\7.-CHAPTER_LEAD\\EvaluacionExpertise\\buscador_talleres_rimac\\src\\ReglasParametro.ts": {"path":"D:\\Ericson\\works\\Rimac\\7.-CHAPTER_LEAD\\EvaluacionExpertise\\buscador_talleres_rimac\\src\\ReglasParametro.ts","statementMap":{"0":{"start":{"line":4,"column":4},"end":{"line":4,"column":24}},"1":{"start":{"line":5,"column":4},"end":{"line":5,"column":33}},"2":{"start":{"line":6,"column":4},"end":{"line":6,"column":32}},"3":{"start":{"line":7,"column":4},"end":{"line":7,"column":32}},"4":{"start":{"line":9,"column":4},"end":{"line":9,"column":36}},"5":{"start":{"line":19,"column":8},"end":{"line":19,"column":29}},"6":{"start":{"line":20,"column":8},"end":{"line":20,"column":39}},"7":{"start":{"line":21,"column":8},"end":{"line":21,"column":37}},"8":{"start":{"line":22,"column":8},"end":{"line":22,"column":45}},"9":{"start":{"line":23,"column":8},"end":{"line":23,"column":61}},"10":{"start":{"line":24,"column":8},"end":{"line":24,"column":53}},"11":{"start":{"line":25,"column":8},"end":{"line":25,"column":59}},"12":{"start":{"line":2,"column":0},"end":{"line":2,"column":13}}},"fnMap":{"0":{"name":"(anonymous_0)","decl":{"start":{"line":12,"column":4},"end":{"line":12,"column":16}},"loc":{"start":{"line":18,"column":72},"end":{"line":26,"column":5}}}},"branchMap":{"0":{"loc":{"start":{"line":18,"column":16},"end":{"line":18,"column":72}},"type":"default-arg","locations":[{"start":{"line":18,"column":68},"end":{"line":18,"column":72}}]}},"s":{"0":6,"1":6,"2":6,"3":6,"4":6,"5":6,"6":6,"7":6,"8":6,"9":6,"10":6,"11":6,"12":1},"f":{"0":6},"b":{"0":[1]}}
,"D:\\Ericson\\works\\Rimac\\7.-CHAPTER_LEAD\\EvaluacionExpertise\\buscador_talleres_rimac\\src\\TransformadorValor.ts": {"path":"D:\\Ericson\\works\\Rimac\\7.-CHAPTER_LEAD\\EvaluacionExpertise\\buscador_talleres_rimac\\src\\TransformadorValor.ts","statementMap":{"0":{"start":{"line":14,"column":8},"end":{"line":14,"column":25}},"1":{"start":{"line":15,"column":8},"end":{"line":15,"column":29}},"2":{"start":{"line":16,"column":8},"end":{"line":16,"column":29}},"3":{"start":{"line":17,"column":8},"end":{"line":17,"column":27}},"4":{"start":{"line":1,"column":0},"end":{"line":1,"column":13}}},"fnMap":{"0":{"name":"(anonymous_0)","decl":{"start":{"line":9,"column":4},"end":{"line":9,"column":16}},"loc":{"start":{"line":12,"column":34},"end":{"line":18,"column":5}}}},"branchMap":{"0":{"loc":{"start":{"line":9,"column":16},"end":{"line":9,"column":52}},"type":"default-arg","locations":[{"start":{"line":9,"column":44},"end":{"line":9,"column":52}}]},"1":{"loc":{"start":{"line":10,"column":16},"end":{"line":10,"column":68}},"type":"default-arg","locations":[{"start":{"line":10,"column":57},"end":{"line":10,"column":68}}]},"2":{"loc":{"start":{"line":11,"column":16},"end":{"line":11,"column":35}},"type":"default-arg","locations":[{"start":{"line":11,"column":33},"end":{"line":11,"column":35}}]},"3":{"loc":{"start":{"line":12,"column":16},"end":{"line":12,"column":34}},"type":"default-arg","locations":[{"start":{"line":12,"column":32},"end":{"line":12,"column":34}}]}},"s":{"0":7,"1":7,"2":7,"3":7,"4":1},"f":{"0":7},"b":{"0":[0],"1":[1],"2":[1],"3":[1]}}
,"D:\\Ericson\\works\\Rimac\\7.-CHAPTER_LEAD\\EvaluacionExpertise\\buscador_talleres_rimac\\src\\index.ts": {"path":"D:\\Ericson\\works\\Rimac\\7.-CHAPTER_LEAD\\EvaluacionExpertise\\buscador_talleres_rimac\\src\\index.ts","statementMap":{"0":{"start":{"line":1,"column":0},"end":{"line":1,"column":50}},"1":{"start":{"line":2,"column":0},"end":{"line":2,"column":55}},"2":{"start":{"line":5,"column":14},"end":{"line":12,"column":null}},"3":{"start":{"line":15,"column":14},"end":{"line":17,"column":null}},"4":{"start":{"line":19,"column":14},"end":{"line":20,"column":null}},"5":{"start":{"line":22,"column":14},"end":{"line":24,"column":62}},"6":{"start":{"line":26,"column":14},"end":{"line":31,"column":92}},"7":{"start":{"line":34,"column":14},"end":{"line":36,"column":null}},"8":{"start":{"line":38,"column":14},"end":{"line":38,"column":134}},"9":{"start":{"line":40,"column":14},"end":{"line":50,"column":47}},"10":{"start":{"line":52,"column":14},"end":{"line":62,"column":125}},"11":{"start":{"line":64,"column":15},"end":{"line":75,"column":57}},"12":{"start":{"line":78,"column":23},"end":{"line":78,"column":60}},"13":{"start":{"line":80,"column":15},"end":{"line":82,"column":null}},"14":{"start":{"line":84,"column":26},"end":{"line":84,"column":28}},"15":{"start":{"line":86,"column":0},"end":{"line":89,"column":null}},"16":{"start":{"line":87,"column":4},"end":{"line":87,"column":60}},"17":{"start":{"line":88,"column":4},"end":{"line":88,"column":48}},"18":{"start":{"line":90,"column":0},"end":{"line":90,"column":76}},"19":{"start":{"line":91,"column":0},"end":{"line":94,"column":null}},"20":{"start":{"line":92,"column":4},"end":{"line":92,"column":64}},"21":{"start":{"line":93,"column":4},"end":{"line":93,"column":24}}},"fnMap":{},"branchMap":{},"s":{"0":0,"1":0,"2":0,"3":0,"4":0,"5":0,"6":0,"7":0,"8":0,"9":0,"10":0,"11":0,"12":0,"13":0,"14":0,"15":0,"16":0,"17":0,"18":0,"19":0,"20":0,"21":0},"f":{},"b":{}}
}
