TN:
SF:src\ConfigsDeducibles.ts
FNF:0
FNH:0
DA:1,1
DA:2,1
DA:4,1
DA:14,1
DA:24,1
DA:35,1
DA:41,1
DA:52,1
DA:63,1
LF:9
LH:9
BRF:0
BRH:0
end_of_record
TN:
SF:src\Parametrizador.ts
FN:10,(anonymous_0)
FN:15,(anonymous_1)
FN:16,(anonymous_2)
FN:19,(anonymous_3)
FN:35,(anonymous_4)
FN:36,(anonymous_5)
FN:37,(anonymous_6)
FN:40,(anonymous_7)
FN:41,(anonymous_8)
FN:42,(anonymous_9)
FN:45,(anonymous_10)
FN:46,(anonymous_11)
FN:47,(anonymous_12)
FN:54,(anonymous_13)
FN:81,(anonymous_14)
FN:85,(anonymous_15)
FN:87,(anonymous_16)
FN:88,(anonymous_17)
FN:91,(anonymous_18)
FN:101,(anonymous_19)
FN:108,(anonymous_20)
FN:114,(anonymous_21)
FN:117,(anonymous_22)
FN:135,(anonymous_23)
FN:139,(anonymous_24)
FN:140,(anonymous_25)
FNF:26
FNH:26
FNDA:10,(anonymous_0)
FNDA:10,(anonymous_1)
FNDA:60,(anonymous_2)
FNDA:10,(anonymous_3)
FNDA:10,(anonymous_4)
FNDA:60,(anonymous_5)
FNDA:60,(anonymous_6)
FNDA:8,(anonymous_7)
FNDA:48,(anonymous_8)
FNDA:37,(anonymous_9)
FNDA:10,(anonymous_10)
FNDA:23,(anonymous_11)
FNDA:138,(anonymous_12)
FNDA:138,(anonymous_13)
FNDA:52,(anonymous_14)
FNDA:97,(anonymous_15)
FNDA:217,(anonymous_16)
FNDA:181,(anonymous_17)
FNDA:217,(anonymous_18)
FNDA:86,(anonymous_19)
FNDA:2,(anonymous_20)
FNDA:84,(anonymous_21)
FNDA:36,(anonymous_22)
FNDA:46,(anonymous_23)
FNDA:10,(anonymous_24)
FNDA:23,(anonymous_25)
DA:4,1
DA:11,10
DA:12,10
DA:16,60
DA:20,10
DA:21,10
DA:22,10
DA:23,10
DA:24,10
DA:25,10
DA:26,0
DA:28,10
DA:29,8
DA:31,10
DA:32,10
DA:36,60
DA:37,60
DA:41,48
DA:42,37
DA:46,10
DA:47,23
DA:48,138
DA:50,23
DA:55,138
DA:56,138
DA:60,138
DA:61,138
DA:62,138
DA:63,13
DA:64,13
DA:66,125
DA:67,125
DA:68,91
DA:69,91
DA:71,34
DA:73,125
DA:74,86
DA:76,39
DA:78,125
DA:82,52
DA:86,97
DA:87,217
DA:88,181
DA:92,217
DA:93,217
DA:94,217
DA:95,217
DA:96,217
DA:97,217
DA:98,217
DA:102,86
DA:103,84
DA:105,2
DA:109,2
DA:110,2
DA:111,2
DA:115,84
DA:116,84
DA:117,36
DA:119,84
DA:120,0
DA:122,84
DA:123,84
DA:124,55
DA:126,84
DA:127,46
DA:129,38
DA:130,6
DA:132,32
DA:136,46
DA:140,10
DA:141,23
DA:142,23
DA:143,138
DA:145,23
LF:75
LH:73
BRDA:25,0,0,0
BRDA:28,1,0,8
BRDA:62,2,0,13
BRDA:67,3,0,91
BRDA:67,3,1,34
BRDA:69,4,0,13
BRDA:69,4,1,78
BRDA:73,5,0,86
BRDA:73,5,1,39
BRDA:102,6,0,84
BRDA:102,7,0,86
BRDA:102,7,1,84
BRDA:116,8,0,32
BRDA:119,9,0,0
BRDA:123,10,0,55
BRDA:126,11,0,46
BRDA:129,12,0,6
BRDA:129,13,0,38
BRDA:129,13,1,38
BRDA:130,14,0,0
BRDA:130,14,1,6
BRF:21
BRH:18
end_of_record
TN:
SF:src\ReglasParametro.ts
FN:12,(anonymous_0)
FNF:1
FNH:1
FNDA:6,(anonymous_0)
DA:2,1
DA:4,6
DA:5,6
DA:6,6
DA:7,6
DA:9,6
DA:19,6
DA:20,6
DA:21,6
DA:22,6
DA:23,6
DA:24,6
DA:25,6
LF:13
LH:13
BRDA:18,0,0,1
BRF:1
BRH:1
end_of_record
TN:
SF:src\TransformadorValor.ts
FN:9,(anonymous_0)
FNF:1
FNH:1
FNDA:7,(anonymous_0)
DA:1,1
DA:14,7
DA:15,7
DA:16,7
DA:17,7
LF:5
LH:5
BRDA:9,0,0,0
BRDA:10,1,0,1
BRDA:11,2,0,1
BRDA:12,3,0,1
BRF:4
BRH:3
end_of_record
TN:
SF:src\index.ts
FNF:0
FNH:0
DA:1,0
DA:2,0
DA:5,0
DA:15,0
DA:19,0
DA:22,0
DA:26,0
DA:34,0
DA:38,0
DA:40,0
DA:52,0
DA:64,0
DA:78,0
DA:80,0
DA:84,0
DA:86,0
DA:87,0
DA:88,0
DA:90,0
DA:91,0
DA:92,0
DA:93,0
LF:22
LH:0
BRF:0
BRH:0
end_of_record
